<?xml version="1.0" encoding="UTF-8"?>
<testsuite xmlns:xsi="http://www.w3.org/2001/XMLSchema-instance" xsi:noNamespaceSchemaLocation="https://maven.apache.org/surefire/maven-surefire-plugin/xsd/surefire-test-report.xsd" name="com.letsgoaway.legacyconsole.AppTest" time="0.029" tests="1" errors="0" skipped="0" failures="0">
  <properties>
    <property name="sun.desktop" value="windows"/>
    <property name="awt.toolkit" value="sun.awt.windows.WToolkit"/>
    <property name="java.specification.version" value="11"/>
    <property name="sun.cpu.isalist" value="amd64"/>
    <property name="sun.jnu.encoding" value="Cp1252"/>
    <property name="java.class.path" value="C:\Users\ethps\OneDrive\Documents\serverPlugin\legacyconsole\LegacyConsole\target\test-classes;C:\Users\ethps\OneDrive\Documents\serverPlugin\legacyconsole\LegacyConsole\target\classes;C:\Users\ethps\.m2\repository\com\samjakob\SpiGUI\v1.3.1\SpiGUI-v1.3.1.jar;C:\Users\ethps\.m2\repository\com\viaversion\viaversion-api\4.9.0-23w41a-SNAPSHOT\viaversion-api-4.9.0-23w41a-SNAPSHOT.jar;C:\Users\ethps\.m2\repository\org\nanohttpd\nanohttpd\2.2.0\nanohttpd-2.2.0.jar;C:\Users\ethps\.m2\repository\com\comphenix\protocol\ProtocolLib\5.1.0\ProtocolLib-5.1.0.jar;C:\Users\ethps\.m2\repository\net\bytebuddy\byte-buddy\1.14.3\byte-buddy-1.14.3.jar;C:\Users\ethps\.m2\repository\junit\junit\4.12\junit-4.12.jar;C:\Users\ethps\.m2\repository\org\hamcrest\hamcrest-core\1.3\hamcrest-core-1.3.jar;C:\Users\ethps\.m2\repository\org\spigotmc\spigot-api\1.14-R0.1-SNAPSHOT\spigot-api-1.14-R0.1-SNAPSHOT.jar;C:\Users\ethps\.m2\repository\commons-lang\commons-lang\2.6\commons-lang-2.6.jar;C:\Users\ethps\.m2\repository\com\google\guava\guava\21.0\guava-21.0.jar;C:\Users\ethps\.m2\repository\com\google\code\gson\gson\2.8.0\gson-2.8.0.jar;C:\Users\ethps\.m2\repository\net\md-5\bungeecord-chat\1.13-SNAPSHOT\bungeecord-chat-1.13-SNAPSHOT.jar;C:\Users\ethps\.m2\repository\org\yaml\snakeyaml\1.23\snakeyaml-1.23.jar;C:\Users\ethps\.m2\repository\com\onarandombox\multiversecore\Multiverse-Core\4.3.12\Multiverse-Core-4.3.12.jar;C:\Users\ethps\.m2\repository\org\geysermc\floodgate\api\2.2.2-SNAPSHOT\api-2.2.2-SNAPSHOT.jar;C:\Users\ethps\.m2\repository\org\geysermc\geyser\common\2.1.2-SNAPSHOT\common-2.1.2-SNAPSHOT.jar;C:\Users\ethps\.m2\repository\org\geysermc\cumulus\cumulus\1.1.2\cumulus-1.1.2.jar;C:\Users\ethps\.m2\repository\org\checkerframework\checker-qual\3.21.1\checker-qual-3.21.1.jar;C:\Users\ethps\.m2\repository\org\geysermc\event\events\1.1-SNAPSHOT\events-1.1-SNAPSHOT.jar;C:\Users\ethps\.m2\repository\org\lanternpowered\lmbda\2.0.0\lmbda-2.0.0.jar;C:\Users\ethps\.m2\repository\org\ow2\asm\asm\7.1\asm-7.1.jar;C:\Users\ethps\.m2\repository\org\slf4j\slf4j-api\2.0.7\slf4j-api-2.0.7.jar;"/>
    <property name="java.vm.vendor" value="Eclipse Adoptium"/>
    <property name="sun.arch.data.model" value="64"/>
    <property name="user.variant" value=""/>
    <property name="java.vendor.url" value="https://adoptium.net/"/>
    <property name="user.timezone" value="Australia/Perth"/>
    <property name="java.vm.specification.version" value="11"/>
    <property name="os.name" value="Windows 10"/>
    <property name="sun.java.launcher" value="SUN_STANDARD"/>
    <property name="user.country" value="AU"/>
    <property name="sun.boot.library.path" value="C:\Program Files\Eclipse Adoptium\jdk-11.0.20.101-hotspot\bin"/>
    <property name="sun.java.command" value="C:\Users\ethps\AppData\Local\Temp\surefire3225350238504817628\surefirebooter7173030377173883877.jar C:\Users\ethps\AppData\Local\Temp\surefire3225350238504817628 2023-10-14T13-19-52_251-jvmRun1 surefire6030279973113144104tmp surefire_07481956585811762030tmp"/>
    <property name="jdk.debug" value="release"/>
    <property name="surefire.test.class.path" value="C:\Users\ethps\OneDrive\Documents\serverPlugin\legacyconsole\LegacyConsole\target\test-classes;C:\Users\ethps\OneDrive\Documents\serverPlugin\legacyconsole\LegacyConsole\target\classes;C:\Users\ethps\.m2\repository\com\samjakob\SpiGUI\v1.3.1\SpiGUI-v1.3.1.jar;C:\Users\ethps\.m2\repository\com\viaversion\viaversion-api\4.9.0-23w41a-SNAPSHOT\viaversion-api-4.9.0-23w41a-SNAPSHOT.jar;C:\Users\ethps\.m2\repository\org\nanohttpd\nanohttpd\2.2.0\nanohttpd-2.2.0.jar;C:\Users\ethps\.m2\repository\com\comphenix\protocol\ProtocolLib\5.1.0\ProtocolLib-5.1.0.jar;C:\Users\ethps\.m2\repository\net\bytebuddy\byte-buddy\1.14.3\byte-buddy-1.14.3.jar;C:\Users\ethps\.m2\repository\junit\junit\4.12\junit-4.12.jar;C:\Users\ethps\.m2\repository\org\hamcrest\hamcrest-core\1.3\hamcrest-core-1.3.jar;C:\Users\ethps\.m2\repository\org\spigotmc\spigot-api\1.14-R0.1-SNAPSHOT\spigot-api-1.14-R0.1-SNAPSHOT.jar;C:\Users\ethps\.m2\repository\commons-lang\commons-lang\2.6\commons-lang-2.6.jar;C:\Users\ethps\.m2\repository\com\google\guava\guava\21.0\guava-21.0.jar;C:\Users\ethps\.m2\repository\com\google\code\gson\gson\2.8.0\gson-2.8.0.jar;C:\Users\ethps\.m2\repository\net\md-5\bungeecord-chat\1.13-SNAPSHOT\bungeecord-chat-1.13-SNAPSHOT.jar;C:\Users\ethps\.m2\repository\org\yaml\snakeyaml\1.23\snakeyaml-1.23.jar;C:\Users\ethps\.m2\repository\com\onarandombox\multiversecore\Multiverse-Core\4.3.12\Multiverse-Core-4.3.12.jar;C:\Users\ethps\.m2\repository\org\geysermc\floodgate\api\2.2.2-SNAPSHOT\api-2.2.2-SNAPSHOT.jar;C:\Users\ethps\.m2\repository\org\geysermc\geyser\common\2.1.2-SNAPSHOT\common-2.1.2-SNAPSHOT.jar;C:\Users\ethps\.m2\repository\org\geysermc\cumulus\cumulus\1.1.2\cumulus-1.1.2.jar;C:\Users\ethps\.m2\repository\org\checkerframework\checker-qual\3.21.1\checker-qual-3.21.1.jar;C:\Users\ethps\.m2\repository\org\geysermc\event\events\1.1-SNAPSHOT\events-1.1-SNAPSHOT.jar;C:\Users\ethps\.m2\repository\org\lanternpowered\lmbda\2.0.0\lmbda-2.0.0.jar;C:\Users\ethps\.m2\repository\org\ow2\asm\asm\7.1\asm-7.1.jar;C:\Users\ethps\.m2\repository\org\slf4j\slf4j-api\2.0.7\slf4j-api-2.0.7.jar;"/>
    <property name="sun.cpu.endian" value="little"/>
    <property name="user.home" value="C:\Users\ethps"/>
    <property name="user.language" value="en"/>
    <property name="java.specification.vendor" value="Oracle Corporation"/>
    <property name="java.version.date" value="2023-08-24"/>
    <property name="java.home" value="C:\Program Files\Eclipse Adoptium\jdk-11.0.20.101-hotspot"/>
    <property name="file.separator" value="\"/>
    <property name="basedir" value="C:\Users\ethps\OneDrive\Documents\serverPlugin\legacyconsole\LegacyConsole"/>
    <property name="java.vm.compressedOopsMode" value="Zero based"/>
    <property name="line.separator" value="&#10;"/>
    <property name="java.specification.name" value="Java Platform API Specification"/>
    <property name="java.vm.specification.vendor" value="Oracle Corporation"/>
    <property name="java.awt.graphicsenv" value="sun.awt.Win32GraphicsEnvironment"/>
    <property name="surefire.real.class.path" value="C:\Users\ethps\AppData\Local\Temp\surefire3225350238504817628\surefirebooter7173030377173883877.jar"/>
    <property name="user.script" value=""/>
    <property name="sun.management.compiler" value="HotSpot 64-Bit Tiered Compilers"/>
    <property name="java.runtime.version" value="11.0.20.1+1"/>
    <property name="user.name" value="ethps"/>
    <property name="path.separator" value=";"/>
    <property name="os.version" value="10.0"/>
    <property name="java.runtime.name" value="OpenJDK Runtime Environment"/>
    <property name="file.encoding" value="Cp1252"/>
    <property name="java.vm.name" value="OpenJDK 64-Bit Server VM"/>
    <property name="java.vendor.version" value="Temurin-11.0.20.1+1"/>
    <property name="localRepository" value="C:\Users\ethps\.m2\repository"/>
    <property name="java.vendor.url.bug" value="https://github.com/adoptium/adoptium-support/issues"/>
    <property name="java.io.tmpdir" value="C:\Users\ethps\AppData\Local\Temp\"/>
    <property name="java.version" value="11.0.20.1"/>
    <property name="user.dir" value="C:\Users\ethps\OneDrive\Documents\serverPlugin\legacyconsole\LegacyConsole"/>
    <property name="os.arch" value="amd64"/>
    <property name="java.vm.specification.name" value="Java Virtual Machine Specification"/>
    <property name="java.awt.printerjob" value="sun.awt.windows.WPrinterJob"/>
    <property name="sun.os.patch.level" value=""/>
    <property name="java.library.path" value="C:\Program Files\Eclipse Adoptium\jdk-11.0.20.101-hotspot\bin;C:\Windows\Sun\Java\bin;C:\Windows\system32;C:\Windows;C:\Program Files\Oculus\Support\oculus-runtime;C:\Program Files\Eclipse Adoptium\jdk-11.0.20.101-hotspot\bin;C:\Program Files\Eclipse Adoptium\jdk-8.0.382.5-hotspot\bin;C:\Program Files (x86)\Eclipse Adoptium\jdk-8.0.382.5-hotspot\bin;C:\Program Files\Eclipse Adoptium\jdk-17.0.8.7-hotspot\bin;C:\Windows\system32;C:\Windows;C:\Windows\System32\Wbem;C:\Windows\System32\WindowsPowerShell\v1.0\;C:\Windows\System32\OpenSSH\;C:\Program Files (x86)\NVIDIA Corporation\PhysX\Common;C:\Program Files\NVIDIA Corporation\NVIDIA NvDLISR;C:\HaxeToolkit\haxe;C:\HaxeToolkit\neko;C:\Program Files\Git\cmd;C:\Program Files\dotnet\;C:\Program Files\Cloudflare\Cloudflare WARP\;C:\Users\ethps\AppData\Local\Programs\Python\Python311\Scripts\;C:\Users\ethps\AppData\Local\Programs\Python\Python311\;C:\Users\ethps\AppData\Local\Microsoft\WindowsApps;C:\Users\ethps\AppData\Local\Programs\Microsoft VS Code\bin;C:\Users\ethps\AppData\Local\GitHubDesktop\bin;C:\Gradle\gradle-8.3\bin;C:\HaxeToolkit\haxe;C:\maven\bin;C:\ffmpeg;C:\Users\ethps\.dotnet\tools;."/>
    <property name="java.vm.info" value="mixed mode"/>
    <property name="java.vendor" value="Eclipse Adoptium"/>
    <property name="java.vm.version" value="11.0.20.1+1"/>
    <property name="java.specification.maintenance.version" value="2"/>
    <property name="sun.io.unicode.encoding" value="UnicodeLittle"/>
    <property name="java.class.version" value="55.0"/>
  </properties>
  <testcase name="shouldAnswerWithTrue" classname="com.letsgoaway.legacyconsole.AppTest" time="0.001"/>
</testsuite>